<?xml version="1.0" encoding="UTF-8" standalone="yes" ?>
<test-results name="E:\THULIO BITTERNCOURT\TesteUnitario\Win32\Debug\ProjetoTeste.exe" total="3" errors="0" failures="3" ignored="0" inconclusive="0" not-run="0" skipped="0" invalid="0" date="2022-03-15" time="0.002">
  <culture-info current-culture="en" current-uiculture="en" />
  <test-suite type="Assembly" name="ProjetoTeste.exe" executed="true" result="Failure" success="False" time="0.002" asserts="0">
    <results>
        <test-suite type="Namespace" name="ProjetoTeste" executed="true" result="Failure" success="False" time="0.001" asserts="0" >
          <results>
              <test-suite type="Fixture" name="TMyTestObject" executed="True" result="Failure" success="False" time="0.001" >
                <results>
                  <test-case name="TesteTratarCPFCNPJ" executed="True" result="Failure" success="False" time="0.000" asserts="0" >
                    <failure>
                      <message>
                        <![CDATA[ Condition is False when True expected. [TPessoa.TratarCPFCNPJ retornou um erro] ]]>
                      </message>
                      <stack-trace>
                        <![CDATA[  ]]>
                      </stack-trace>
                    </failure>
                  </test-case>
                  <test-case name="TratarCPFCNPJ.CaseCPF" executed="True" result="Failure" success="False" time="0.000" asserts="0" >
                    <failure>
                      <message>
                        <![CDATA[ Condition is False when True expected. [TPessoa.TratarCPFCNPJ] ]]>
                      </message>
                      <stack-trace>
                        <![CDATA[  ]]>
                      </stack-trace>
                    </failure>
                  </test-case>
                  <test-case name="TratarCPFCNPJ.CaseCNPJ" executed="True" result="Failure" success="False" time="0.000" asserts="0" >
                    <failure>
                      <message>
                        <![CDATA[ Condition is False when True expected. [TPessoa.TratarCPFCNPJ] ]]>
                      </message>
                      <stack-trace>
                        <![CDATA[  ]]>
                      </stack-trace>
                    </failure>
                  </test-case>
                </results>
              </test-suite>
          </results>
        </test-suite>
    </results>
  </test-suite>
</test-results>
