<?xml version="1.0" encoding="UTF-8" standalone="yes" ?>
<test-results name="E:\THULIO BITTERNCOURT\TesteUnitario\Win32\Debug\ProjetoTeste.exe" total="6" errors="0" failures="0" ignored="0" inconclusive="0" not-run="0" skipped="0" invalid="0" date="2022-03-15" time="0.075">
  <culture-info current-culture="en" current-uiculture="en" />
  <test-suite type="Assembly" name="ProjetoTeste.exe" executed="true" result="Success" success="True" time="0.075" asserts="0">
    <results>
        <test-suite type="Namespace" name="ProjetoTeste" executed="true" result="Success" success="True" time="0.074" asserts="0" >
          <results>
              <test-suite type="Fixture" name="TMyTestObject" executed="True" result="Success" success="True" time="0.074" >
                <results>
                  <test-case name="TesteTratarCPFCNPJ" executed="True" result="Success" success="True" time="0.000" asserts="0" />
                  <test-case name="TratarCPFCNPJ.CaseCPF" executed="True" result="Success" success="True" time="0.000" asserts="0" />
                  <test-case name="TratarCPFCNPJ.CaseCNPJ" executed="True" result="Success" success="True" time="0.000" asserts="0" />
                  <test-case name="ValidaNome" executed="True" result="Success" success="True" time="0.000" asserts="0" />
                  <test-case name="ValidarCampos" executed="True" result="Success" success="True" time="0.001" asserts="0" />
                  <test-case name="Insert" executed="True" result="Success" success="True" time="0.072" asserts="0" />
                </results>
              </test-suite>
          </results>
        </test-suite>
    </results>
  </test-suite>
</test-results>
